c:\users\vlad\documents\visual studio 2015\projects\trainingexercises\trainingexercises\debug\trainingexercises.pch
c:\users\vlad\documents\visual studio 2015\projects\trainingexercises\trainingexercises\debug\vc140.pdb
c:\users\vlad\documents\visual studio 2015\projects\trainingexercises\trainingexercises\debug\vc140.idb
c:\users\vlad\documents\visual studio 2015\projects\trainingexercises\trainingexercises\debug\stdafx.obj
c:\users\vlad\documents\visual studio 2015\projects\trainingexercises\trainingexercises\debug\binarygap.obj
c:\users\vlad\documents\visual studio 2015\projects\trainingexercises\trainingexercises\debug\binarysearch.obj
c:\users\vlad\documents\visual studio 2015\projects\trainingexercises\trainingexercises\debug\bubblesort.obj
c:\users\vlad\documents\visual studio 2015\projects\trainingexercises\trainingexercises\debug\countnumberofperfectsquares.obj
c:\users\vlad\documents\visual studio 2015\projects\trainingexercises\trainingexercises\debug\countoddocurrence.obj
c:\users\vlad\documents\visual studio 2015\projects\trainingexercises\trainingexercises\debug\doublelinkedlists.obj
c:\users\vlad\documents\visual studio 2015\projects\trainingexercises\trainingexercises\debug\eratosthenes.obj
c:\users\vlad\documents\visual studio 2015\projects\trainingexercises\trainingexercises\debug\fibonacci.obj
c:\users\vlad\documents\visual studio 2015\projects\trainingexercises\trainingexercises\debug\findmissingelement.obj
c:\users\vlad\documents\visual studio 2015\projects\trainingexercises\trainingexercises\debug\linkedlists.obj
c:\users\vlad\documents\visual studio 2015\projects\trainingexercises\trainingexercises\debug\maxoccurencenumber.obj
c:\users\vlad\documents\visual studio 2015\projects\trainingexercises\trainingexercises\debug\minelementfoundinbothvectors.obj
c:\users\vlad\documents\visual studio 2015\projects\trainingexercises\trainingexercises\debug\palindrom.obj
c:\users\vlad\documents\visual studio 2015\projects\trainingexercises\trainingexercises\debug\quicksort.obj
c:\users\vlad\documents\visual studio 2015\projects\trainingexercises\trainingexercises\debug\reversearray.obj
c:\users\vlad\documents\visual studio 2015\projects\trainingexercises\trainingexercises\debug\main.obj
c:\users\vlad\documents\visual studio 2015\projects\trainingexercises\debug\trainingexercises.ilk
c:\users\vlad\documents\visual studio 2015\projects\trainingexercises\debug\trainingexercises.exe
c:\users\vlad\documents\visual studio 2015\projects\trainingexercises\debug\trainingexercises.pdb
c:\users\vlad\documents\visual studio 2015\projects\trainingexercises\trainingexercises\debug\training.9c83c601.tlog\cl.command.1.tlog
c:\users\vlad\documents\visual studio 2015\projects\trainingexercises\trainingexercises\debug\training.9c83c601.tlog\cl.read.1.tlog
c:\users\vlad\documents\visual studio 2015\projects\trainingexercises\trainingexercises\debug\training.9c83c601.tlog\cl.write.1.tlog
c:\users\vlad\documents\visual studio 2015\projects\trainingexercises\trainingexercises\debug\training.9c83c601.tlog\link.command.1.tlog
c:\users\vlad\documents\visual studio 2015\projects\trainingexercises\trainingexercises\debug\training.9c83c601.tlog\link.read.1.tlog
c:\users\vlad\documents\visual studio 2015\projects\trainingexercises\trainingexercises\debug\training.9c83c601.tlog\link.write.1.tlog
